<?xml version="1.0" encoding="UTF-8"?>
<!-- Generated by org.testng.reporters.JUnitReportReporter -->
<testsuite hostname="DESKTOP-PF03QUE" failures="0" tests="3" name="com.testNG.Session4Params" time="37.461" errors="0" timestamp="2022-05-02T09:00:15 IST" skipped="0">
  <testcase classname="com.testNG.Session4Params" name="getData" time="12.892"/>
  <system-out/>
  <testcase classname="com.testNG.Session4Params" name="getData" time="11.706"/>
  <system-out/>
  <testcase classname="com.testNG.Session4Params" name="getData" time="12.863"/>
  <system-out/>
</testsuite> <!-- com.testNG.Session4Params -->
