<?xml version="1.0" encoding="UTF-8"?>
<!-- Generated by org.testng.reporters.JUnitReportReporter -->
<testsuite hostname="DESKTOP-PF03QUE" failures="0" tests="5" name="com.testNG.PrioritySession03" time="0.015" errors="0" timestamp="2022-04-30T09:35:56 IST" skipped="1">
  <testcase classname="com.testNG.PrioritySession03" name="c_method" time="0.011"/>
  <system-out/>
  <testcase classname="com.testNG.PrioritySession03" name="a_method" time="0.002"/>
  <system-out/>
  <testcase classname="com.testNG.PrioritySession03" name="d_method" time="0.001"/>
  <system-out/>
  <testcase classname="com.testNG.PrioritySession03" name="e_method" time="0.001"/>
  <system-out/>
  <testcase classname="com.testNG.PrioritySession03" name="b_method">
    <skipped/>
  </testcase> <!-- b_method -->
  <system-out/>
</testsuite> <!-- com.testNG.PrioritySession03 -->
