<?xml version="1.0" encoding="UTF-8"?>
<!-- Generated by org.testng.reporters.JUnitReportReporter -->
<testsuite hostname="DESKTOP-PF03QUE" failures="0" tests="1" name="com.testNG.Netbanking" time="0.002" errors="0" timestamp="2022-05-03T08:24:22 IST" skipped="0">
  <testcase classname="com.testNG.Netbanking" name="MobileLoginBanking" time="0.002"/>
  <system-out/>
</testsuite> <!-- com.testNG.Netbanking -->
