<?xml version="1.0" encoding="UTF-8"?>
<!-- Generated by org.testng.reporters.JUnitReportReporter -->
<testsuite hostname="DESKTOP-PF03QUE" failures="0" tests="2" name="com.testNG.Session01" time="0.011" errors="0" timestamp="2022-04-30T08:52:47 IST" skipped="0">
  <testcase classname="com.testNG.Session01" name="test2" time="0.004"/>
  <system-out/>
  <testcase classname="com.testNG.Session01" name="test1" time="0.007"/>
  <system-out/>
</testsuite> <!-- com.testNG.Session01 -->
