<?xml version="1.0" encoding="UTF-8"?>
<!-- Generated by org.testng.reporters.JUnitReportReporter -->
<testsuite hostname="DESKTOP-PF03QUE" failures="0" tests="1" name="com.testNG.FacebookLogin" time="0.012" errors="0" timestamp="2022-05-03T08:24:22 IST" skipped="0">
  <testcase classname="com.testNG.FacebookLogin" name="WebLogin" time="0.012"/>
  <system-out/>
</testsuite> <!-- com.testNG.FacebookLogin -->
