<?xml version="1.0" encoding="UTF-8"?>
<!-- Generated by org.testng.reporters.JUnitReportReporter -->
<testsuite hostname="DESKTOP-PF03QUE" failures="0" tests="3" name="com.testNG.Session3" time="21.425" errors="0" timestamp="2022-05-02T08:37:02 IST" skipped="0">
  <testcase classname="com.testNG.Session3" name="getData" time="5.762"/>
  <system-out/>
  <testcase classname="com.testNG.Session3" name="getData" time="9.951"/>
  <system-out/>
  <testcase classname="com.testNG.Session3" name="getData" time="5.712"/>
  <system-out/>
</testsuite> <!-- com.testNG.Session3 -->
