<?xml version="1.0" encoding="UTF-8"?>
<!-- Generated by org.testng.reporters.JUnitReportReporter -->
<testsuite hostname="DESKTOP-PF03QUE" failures="0" tests="8" name="com.testNG.Session02" time="20.759" errors="0" timestamp="2022-05-02T08:09:29 IST" skipped="0">
  <testcase classname="com.testNG.Session02" name="launchGoogle" time="1.030"/>
  <system-out/>
  <testcase classname="com.testNG.Session02" name="launchBrowser" time="4.031"/>
  <system-out/>
  <testcase classname="com.testNG.Session02" name="launchGoogle" time="1.697"/>
  <system-out/>
  <testcase classname="com.testNG.Session02" name="searchText" time="3.464"/>
  <system-out/>
  <testcase classname="com.testNG.Session02" name="launchGoogle" time="1.011"/>
  <system-out/>
  <testcase classname="com.testNG.Session02" name="verifypageTitle" time="2.568"/>
  <system-out/>
  <testcase classname="com.testNG.Session02" name="launchGoogle" time="6.011"/>
  <system-out/>
  <testcase classname="com.testNG.Session02" name="launchGoogle" time="0.947"/>
  <system-out/>
</testsuite> <!-- com.testNG.Session02 -->
